<?xml version="1.0" encoding="UTF-8"?>
<!-- Generated by org.testng.reporters.JUnitReportReporter -->
<testsuite hostname="DESKTOP-6D90C8O" failures="0" tests="3" name="mypackage.mytestcases" time="0.714" errors="0" timestamp="2025-05-15T13:17:25 GST" skipped="0">
  <testcase classname="mypackage.mytestcases" name="updatecustomername" time="0.038"/>
  <testcase classname="mypackage.mytestcases" name="deletecustomer" time="0.007"/>
  <testcase classname="mypackage.mytestcases" name="readdata" time="0.669"/>
</testsuite> <!-- mypackage.mytestcases -->
